<?xml version="1.0" encoding="UTF-8"?>
<!-- Generated by org.testng.reporters.JUnitReportReporter -->
<testsuite skipped="0" hostname="BDC4-L-61062ND" name="com.sj.qa.test.SpiceJetTest" tests="1" failures="0" timestamp="2020-05-14T00:47:04 IST" time="80.618" errors="0">
  <testcase name="Test" time="80.618" classname="com.sj.qa.test.SpiceJetTest"/>
  <system-out/>
</testsuite> <!-- com.sj.qa.test.SpiceJetTest -->
